
*** Running vivado
    with args -log design_1_axi_gpio_2_5.vds -m64 -product Vivado -mode batch -messageDb vivado.pb -notrace -source design_1_axi_gpio_2_5.tcl



****** Vivado v2024.1 (64-bit)
  **** SW Build 5076996 on Wed May 22 18:37:14 MDT 2024
  **** IP Build 5075265 on Wed May 22 21:45:21 MDT 2024
  **** SharedData Build 5076995 on Wed May 22 18:29:18 MDT 2024
  **** Start of session at: Wed Dec 11 15:06:24 2024
    ** Copyright 1986-2022 Xilinx, Inc. All Rights Reserved.
    ** Copyright 2022-2024 Advanced Micro Devices, Inc. All Rights Reserved.

source design_1_axi_gpio_2_5.tcl -notrace
create_project: Time (s): cpu = 00:00:29 ; elapsed = 00:00:36 . Memory (MB): peak = 552.801 ; gain = 240.867
INFO: [IP_Flow 19-6924] IPCACHE: Running cache check for IP inst: design_1_axi_gpio_2_5
INFO: [IP_Flow 19-6922] IPCACHE: Exporting cached entry bbaf33f2217d1187 to dir: C:/Users/Raul/Desktop/SSC_projects/ALU/proiect_SSC.runs/design_1_axi_gpio_2_5_synth_1
INFO: [IP_Flow 19-6928] IPCACHE: copied cached file c:/Users/Raul/Desktop/SSC_projects/ALU/proiect_SSC.cache/ip/2024.1/b/b/bbaf33f2217d1187/design_1_axi_gpio_2_5.dcp to C:/Users/Raul/Desktop/SSC_projects/ALU/proiect_SSC.runs/design_1_axi_gpio_2_5_synth_1/design_1_axi_gpio_2_5.dcp.
INFO: [IP_Flow 19-6928] IPCACHE: copied cached file c:/Users/Raul/Desktop/SSC_projects/ALU/proiect_SSC.cache/ip/2024.1/b/b/bbaf33f2217d1187/design_1_axi_gpio_2_5_sim_netlist.v to C:/Users/Raul/Desktop/SSC_projects/ALU/proiect_SSC.runs/design_1_axi_gpio_2_5_synth_1/design_1_axi_gpio_2_5_sim_netlist.v.
INFO: [IP_Flow 19-6928] IPCACHE: copied cached file c:/Users/Raul/Desktop/SSC_projects/ALU/proiect_SSC.cache/ip/2024.1/b/b/bbaf33f2217d1187/design_1_axi_gpio_2_5_sim_netlist.vhdl to C:/Users/Raul/Desktop/SSC_projects/ALU/proiect_SSC.runs/design_1_axi_gpio_2_5_synth_1/design_1_axi_gpio_2_5_sim_netlist.vhdl.
INFO: [IP_Flow 19-6928] IPCACHE: copied cached file c:/Users/Raul/Desktop/SSC_projects/ALU/proiect_SSC.cache/ip/2024.1/b/b/bbaf33f2217d1187/design_1_axi_gpio_2_5_stub.v to C:/Users/Raul/Desktop/SSC_projects/ALU/proiect_SSC.runs/design_1_axi_gpio_2_5_synth_1/design_1_axi_gpio_2_5_stub.v.
INFO: [IP_Flow 19-6928] IPCACHE: copied cached file c:/Users/Raul/Desktop/SSC_projects/ALU/proiect_SSC.cache/ip/2024.1/b/b/bbaf33f2217d1187/design_1_axi_gpio_2_5_stub.vhdl to C:/Users/Raul/Desktop/SSC_projects/ALU/proiect_SSC.runs/design_1_axi_gpio_2_5_synth_1/design_1_axi_gpio_2_5_stub.vhdl.
INFO: [IP_Flow 19-4838] Using cached IP synthesis design for IP design_1_axi_gpio_2_5, cache-ID = bbaf33f2217d1187.
INFO: [Common 17-206] Exiting Vivado at Wed Dec 11 15:07:24 2024...
